<?xml version="1.0" encoding="UTF-8"?>
<testsuite xmlns:xsi="http://www.w3.org/2001/XMLSchema-instance" xsi:noNamespaceSchemaLocation="https://maven.apache.org/surefire/maven-surefire-plugin/xsd/surefire-test-report-3.0.xsd" version="3.0" name="com.sm.AppTest" time="0.096" tests="1" errors="0" skipped="0" failures="0">
  <properties>
    <property name="java.specification.version" value="20"/>
    <property name="sun.jnu.encoding" value="UTF-8"/>
    <property name="java.class.path" value="/Users/sachindra.maharjan/projects/springboot-grpc-batch-scylladb/sqlparser/target/test-classes:/Users/sachindra.maharjan/projects/springboot-grpc-batch-scylladb/sqlparser/target/classes:/Users/sachindra.maharjan/.m2/repository/com/github/jsqlparser/jsqlparser/5.0/jsqlparser-5.0.jar:/Users/sachindra.maharjan/.m2/repository/org/graalvm/polyglot/polyglot/24.1.0/polyglot-24.1.0.jar:/Users/sachindra.maharjan/.m2/repository/org/graalvm/sdk/collections/24.1.0/collections-24.1.0.jar:/Users/sachindra.maharjan/.m2/repository/org/graalvm/sdk/nativeimage/24.1.0/nativeimage-24.1.0.jar:/Users/sachindra.maharjan/.m2/repository/org/graalvm/sdk/word/24.1.0/word-24.1.0.jar:/Users/sachindra.maharjan/.m2/repository/org/graalvm/js/js-language/24.1.0/js-language-24.1.0.jar:/Users/sachindra.maharjan/.m2/repository/org/graalvm/regex/regex/24.1.0/regex-24.1.0.jar:/Users/sachindra.maharjan/.m2/repository/org/graalvm/truffle/truffle-api/24.1.0/truffle-api-24.1.0.jar:/Users/sachindra.maharjan/.m2/repository/org/graalvm/shadowed/icu4j/24.1.0/icu4j-24.1.0.jar:/Users/sachindra.maharjan/.m2/repository/org/graalvm/truffle/truffle-runtime/24.1.0/truffle-runtime-24.1.0.jar:/Users/sachindra.maharjan/.m2/repository/org/graalvm/truffle/truffle-enterprise/24.1.0/truffle-enterprise-24.1.0.jar:/Users/sachindra.maharjan/.m2/repository/org/graalvm/truffle/truffle-compiler/24.1.0/truffle-compiler-24.1.0.jar:/Users/sachindra.maharjan/.m2/repository/org/graalvm/sdk/jniutils/24.1.0/jniutils-24.1.0.jar:/Users/sachindra.maharjan/.m2/repository/org/graalvm/sdk/nativebridge/24.1.0/nativebridge-24.1.0.jar:/Users/sachindra.maharjan/.m2/repository/org/springframework/boot/spring-boot-starter/3.3.5/spring-boot-starter-3.3.5.jar:/Users/sachindra.maharjan/.m2/repository/org/springframework/boot/spring-boot/3.3.5/spring-boot-3.3.5.jar:/Users/sachindra.maharjan/.m2/repository/org/springframework/spring-context/6.1.14/spring-context-6.1.14.jar:/Users/sachindra.maharjan/.m2/repository/org/springframework/spring-aop/6.1.14/spring-aop-6.1.14.jar:/Users/sachindra.maharjan/.m2/repository/org/springframework/spring-beans/6.1.14/spring-beans-6.1.14.jar:/Users/sachindra.maharjan/.m2/repository/org/springframework/spring-expression/6.1.14/spring-expression-6.1.14.jar:/Users/sachindra.maharjan/.m2/repository/io/micrometer/micrometer-observation/1.13.6/micrometer-observation-1.13.6.jar:/Users/sachindra.maharjan/.m2/repository/io/micrometer/micrometer-commons/1.13.6/micrometer-commons-1.13.6.jar:/Users/sachindra.maharjan/.m2/repository/org/springframework/boot/spring-boot-autoconfigure/3.3.5/spring-boot-autoconfigure-3.3.5.jar:/Users/sachindra.maharjan/.m2/repository/org/springframework/boot/spring-boot-starter-logging/3.3.5/spring-boot-starter-logging-3.3.5.jar:/Users/sachindra.maharjan/.m2/repository/ch/qos/logback/logback-classic/1.5.11/logback-classic-1.5.11.jar:/Users/sachindra.maharjan/.m2/repository/ch/qos/logback/logback-core/1.5.11/logback-core-1.5.11.jar:/Users/sachindra.maharjan/.m2/repository/org/slf4j/slf4j-api/2.0.16/slf4j-api-2.0.16.jar:/Users/sachindra.maharjan/.m2/repository/org/apache/logging/log4j/log4j-to-slf4j/2.23.1/log4j-to-slf4j-2.23.1.jar:/Users/sachindra.maharjan/.m2/repository/org/apache/logging/log4j/log4j-api/2.23.1/log4j-api-2.23.1.jar:/Users/sachindra.maharjan/.m2/repository/org/slf4j/jul-to-slf4j/2.0.16/jul-to-slf4j-2.0.16.jar:/Users/sachindra.maharjan/.m2/repository/jakarta/annotation/jakarta.annotation-api/2.1.1/jakarta.annotation-api-2.1.1.jar:/Users/sachindra.maharjan/.m2/repository/org/springframework/spring-core/6.1.14/spring-core-6.1.14.jar:/Users/sachindra.maharjan/.m2/repository/org/springframework/spring-jcl/6.1.14/spring-jcl-6.1.14.jar:/Users/sachindra.maharjan/.m2/repository/org/yaml/snakeyaml/2.2/snakeyaml-2.2.jar:/Users/sachindra.maharjan/.m2/repository/junit/junit/4.13.2/junit-4.13.2.jar:/Users/sachindra.maharjan/.m2/repository/org/hamcrest/hamcrest-core/2.2/hamcrest-core-2.2.jar:/Users/sachindra.maharjan/.m2/repository/org/hamcrest/hamcrest/2.2/hamcrest-2.2.jar:"/>
    <property name="java.vm.vendor" value="Homebrew"/>
    <property name="sun.arch.data.model" value="64"/>
    <property name="java.vendor.url" value="https://github.com/Homebrew/homebrew-core/issues"/>
    <property name="os.name" value="Mac OS X"/>
    <property name="java.vm.specification.version" value="20"/>
    <property name="sun.java.launcher" value="SUN_STANDARD"/>
    <property name="user.country" value="US"/>
    <property name="sun.boot.library.path" value="/usr/local/Cellar/openjdk/20.0.1/libexec/openjdk.jdk/Contents/Home/lib"/>
    <property name="sun.java.command" value="/Users/sachindra.maharjan/projects/springboot-grpc-batch-scylladb/sqlparser/target/surefire/surefirebooter-20241124140127274_3.jar /Users/sachindra.maharjan/projects/springboot-grpc-batch-scylladb/sqlparser/target/surefire 2024-11-24T14-01-26_999-jvmRun1 surefire-20241124140127274_1tmp surefire_0-20241124140127274_2tmp"/>
    <property name="http.nonProxyHosts" value="local|*.local|169.254/16|*.169.254/16"/>
    <property name="jdk.debug" value="release"/>
    <property name="surefire.test.class.path" value="/Users/sachindra.maharjan/projects/springboot-grpc-batch-scylladb/sqlparser/target/test-classes:/Users/sachindra.maharjan/projects/springboot-grpc-batch-scylladb/sqlparser/target/classes:/Users/sachindra.maharjan/.m2/repository/com/github/jsqlparser/jsqlparser/5.0/jsqlparser-5.0.jar:/Users/sachindra.maharjan/.m2/repository/org/graalvm/polyglot/polyglot/24.1.0/polyglot-24.1.0.jar:/Users/sachindra.maharjan/.m2/repository/org/graalvm/sdk/collections/24.1.0/collections-24.1.0.jar:/Users/sachindra.maharjan/.m2/repository/org/graalvm/sdk/nativeimage/24.1.0/nativeimage-24.1.0.jar:/Users/sachindra.maharjan/.m2/repository/org/graalvm/sdk/word/24.1.0/word-24.1.0.jar:/Users/sachindra.maharjan/.m2/repository/org/graalvm/js/js-language/24.1.0/js-language-24.1.0.jar:/Users/sachindra.maharjan/.m2/repository/org/graalvm/regex/regex/24.1.0/regex-24.1.0.jar:/Users/sachindra.maharjan/.m2/repository/org/graalvm/truffle/truffle-api/24.1.0/truffle-api-24.1.0.jar:/Users/sachindra.maharjan/.m2/repository/org/graalvm/shadowed/icu4j/24.1.0/icu4j-24.1.0.jar:/Users/sachindra.maharjan/.m2/repository/org/graalvm/truffle/truffle-runtime/24.1.0/truffle-runtime-24.1.0.jar:/Users/sachindra.maharjan/.m2/repository/org/graalvm/truffle/truffle-enterprise/24.1.0/truffle-enterprise-24.1.0.jar:/Users/sachindra.maharjan/.m2/repository/org/graalvm/truffle/truffle-compiler/24.1.0/truffle-compiler-24.1.0.jar:/Users/sachindra.maharjan/.m2/repository/org/graalvm/sdk/jniutils/24.1.0/jniutils-24.1.0.jar:/Users/sachindra.maharjan/.m2/repository/org/graalvm/sdk/nativebridge/24.1.0/nativebridge-24.1.0.jar:/Users/sachindra.maharjan/.m2/repository/org/springframework/boot/spring-boot-starter/3.3.5/spring-boot-starter-3.3.5.jar:/Users/sachindra.maharjan/.m2/repository/org/springframework/boot/spring-boot/3.3.5/spring-boot-3.3.5.jar:/Users/sachindra.maharjan/.m2/repository/org/springframework/spring-context/6.1.14/spring-context-6.1.14.jar:/Users/sachindra.maharjan/.m2/repository/org/springframework/spring-aop/6.1.14/spring-aop-6.1.14.jar:/Users/sachindra.maharjan/.m2/repository/org/springframework/spring-beans/6.1.14/spring-beans-6.1.14.jar:/Users/sachindra.maharjan/.m2/repository/org/springframework/spring-expression/6.1.14/spring-expression-6.1.14.jar:/Users/sachindra.maharjan/.m2/repository/io/micrometer/micrometer-observation/1.13.6/micrometer-observation-1.13.6.jar:/Users/sachindra.maharjan/.m2/repository/io/micrometer/micrometer-commons/1.13.6/micrometer-commons-1.13.6.jar:/Users/sachindra.maharjan/.m2/repository/org/springframework/boot/spring-boot-autoconfigure/3.3.5/spring-boot-autoconfigure-3.3.5.jar:/Users/sachindra.maharjan/.m2/repository/org/springframework/boot/spring-boot-starter-logging/3.3.5/spring-boot-starter-logging-3.3.5.jar:/Users/sachindra.maharjan/.m2/repository/ch/qos/logback/logback-classic/1.5.11/logback-classic-1.5.11.jar:/Users/sachindra.maharjan/.m2/repository/ch/qos/logback/logback-core/1.5.11/logback-core-1.5.11.jar:/Users/sachindra.maharjan/.m2/repository/org/slf4j/slf4j-api/2.0.16/slf4j-api-2.0.16.jar:/Users/sachindra.maharjan/.m2/repository/org/apache/logging/log4j/log4j-to-slf4j/2.23.1/log4j-to-slf4j-2.23.1.jar:/Users/sachindra.maharjan/.m2/repository/org/apache/logging/log4j/log4j-api/2.23.1/log4j-api-2.23.1.jar:/Users/sachindra.maharjan/.m2/repository/org/slf4j/jul-to-slf4j/2.0.16/jul-to-slf4j-2.0.16.jar:/Users/sachindra.maharjan/.m2/repository/jakarta/annotation/jakarta.annotation-api/2.1.1/jakarta.annotation-api-2.1.1.jar:/Users/sachindra.maharjan/.m2/repository/org/springframework/spring-core/6.1.14/spring-core-6.1.14.jar:/Users/sachindra.maharjan/.m2/repository/org/springframework/spring-jcl/6.1.14/spring-jcl-6.1.14.jar:/Users/sachindra.maharjan/.m2/repository/org/yaml/snakeyaml/2.2/snakeyaml-2.2.jar:/Users/sachindra.maharjan/.m2/repository/junit/junit/4.13.2/junit-4.13.2.jar:/Users/sachindra.maharjan/.m2/repository/org/hamcrest/hamcrest-core/2.2/hamcrest-core-2.2.jar:/Users/sachindra.maharjan/.m2/repository/org/hamcrest/hamcrest/2.2/hamcrest-2.2.jar:"/>
    <property name="sun.cpu.endian" value="little"/>
    <property name="user.home" value="/Users/sachindra.maharjan"/>
    <property name="user.language" value="en"/>
    <property name="java.specification.vendor" value="Oracle Corporation"/>
    <property name="java.version.date" value="2023-04-18"/>
    <property name="java.home" value="/usr/local/Cellar/openjdk/20.0.1/libexec/openjdk.jdk/Contents/Home"/>
    <property name="file.separator" value="/"/>
    <property name="basedir" value="/Users/sachindra.maharjan/projects/springboot-grpc-batch-scylladb/sqlparser"/>
    <property name="java.vm.compressedOopsMode" value="Zero based"/>
    <property name="line.separator" value="&#10;"/>
    <property name="java.vm.specification.vendor" value="Oracle Corporation"/>
    <property name="java.specification.name" value="Java Platform API Specification"/>
    <property name="apple.awt.application.name" value="ForkedBooter"/>
    <property name="surefire.real.class.path" value="/Users/sachindra.maharjan/projects/springboot-grpc-batch-scylladb/sqlparser/target/surefire/surefirebooter-20241124140127274_3.jar"/>
    <property name="sun.management.compiler" value="HotSpot 64-Bit Tiered Compilers"/>
    <property name="ftp.nonProxyHosts" value="local|*.local|169.254/16|*.169.254/16"/>
    <property name="java.runtime.version" value="20.0.1"/>
    <property name="user.name" value="sachindra.maharjan"/>
    <property name="stdout.encoding" value="UTF-8"/>
    <property name="path.separator" value=":"/>
    <property name="os.version" value="11.7.10"/>
    <property name="java.runtime.name" value="OpenJDK Runtime Environment"/>
    <property name="file.encoding" value="UTF-8"/>
    <property name="java.vm.name" value="OpenJDK 64-Bit Server VM"/>
    <property name="java.vendor.version" value="Homebrew"/>
    <property name="localRepository" value="/Users/sachindra.maharjan/.m2/repository"/>
    <property name="java.vendor.url.bug" value="https://github.com/Homebrew/homebrew-core/issues"/>
    <property name="java.io.tmpdir" value="/var/folders/dl/bm19mj792mlf1h4b_gm816xr0000gn/T/"/>
    <property name="java.version" value="20.0.1"/>
    <property name="user.dir" value="/Users/sachindra.maharjan/projects/springboot-grpc-batch-scylladb/sqlparser"/>
    <property name="os.arch" value="x86_64"/>
    <property name="java.vm.specification.name" value="Java Virtual Machine Specification"/>
    <property name="native.encoding" value="UTF-8"/>
    <property name="java.library.path" value="/Users/sachindra.maharjan/Library/Java/Extensions:/Library/Java/Extensions:/Network/Library/Java/Extensions:/System/Library/Java/Extensions:/usr/lib/java:."/>
    <property name="java.vm.info" value="mixed mode, sharing"/>
    <property name="stderr.encoding" value="UTF-8"/>
    <property name="java.vendor" value="Homebrew"/>
    <property name="java.vm.version" value="20.0.1"/>
    <property name="sun.io.unicode.encoding" value="UnicodeBig"/>
    <property name="socksNonProxyHosts" value="local|*.local|169.254/16|*.169.254/16"/>
    <property name="java.class.version" value="64.0"/>
  </properties>
  <testcase name="shouldAnswerWithTrue" classname="com.sm.AppTest" time="0.007"/>
</testsuite>