<?xml version="1.0" encoding="UTF-8"?>
<testsuite xmlns:xsi="http://www.w3.org/2001/XMLSchema-instance" xsi:noNamespaceSchemaLocation="https://maven.apache.org/surefire/maven-surefire-plugin/xsd/surefire-test-report-3.0.xsd" version="3.0" name="org.sm.AppTest" time="0.143" tests="1" errors="0" skipped="0" failures="0">
  <properties>
    <property name="java.specification.version" value="20"/>
    <property name="sun.jnu.encoding" value="UTF-8"/>
    <property name="java.class.path" value="/Users/sachindra.maharjan/projects/springboot-grpc-batch-scylladb/product-service/target/test-classes:/Users/sachindra.maharjan/projects/springboot-grpc-batch-scylladb/product-service/target/classes:/Users/sachindra.maharjan/projects/springboot-grpc-batch-scylladb/proto-service/target/proto-service-1.0-SNAPSHOT.jar:/Users/sachindra.maharjan/.m2/repository/net/devh/grpc-spring-boot-starter/3.1.0.RELEASE/grpc-spring-boot-starter-3.1.0.RELEASE.jar:/Users/sachindra.maharjan/.m2/repository/net/devh/grpc-server-spring-boot-starter/3.1.0.RELEASE/grpc-server-spring-boot-starter-3.1.0.RELEASE.jar:/Users/sachindra.maharjan/.m2/repository/net/devh/grpc-common-spring-boot/3.1.0.RELEASE/grpc-common-spring-boot-3.1.0.RELEASE.jar:/Users/sachindra.maharjan/.m2/repository/io/grpc/grpc-core/1.63.0/grpc-core-1.63.0.jar:/Users/sachindra.maharjan/.m2/repository/com/google/android/annotations/4.1.1.4/annotations-4.1.1.4.jar:/Users/sachindra.maharjan/.m2/repository/org/codehaus/mojo/animal-sniffer-annotations/1.23/animal-sniffer-annotations-1.23.jar:/Users/sachindra.maharjan/.m2/repository/io/grpc/grpc-context/1.63.0/grpc-context-1.63.0.jar:/Users/sachindra.maharjan/.m2/repository/io/grpc/grpc-inprocess/1.63.0/grpc-inprocess-1.63.0.jar:/Users/sachindra.maharjan/.m2/repository/com/google/guava/guava/32.1.3-android/guava-32.1.3-android.jar:/Users/sachindra.maharjan/.m2/repository/com/google/guava/failureaccess/1.0.1/failureaccess-1.0.1.jar:/Users/sachindra.maharjan/.m2/repository/com/google/guava/listenablefuture/9999.0-empty-to-avoid-conflict-with-guava/listenablefuture-9999.0-empty-to-avoid-conflict-with-guava.jar:/Users/sachindra.maharjan/.m2/repository/org/checkerframework/checker-qual/3.37.0/checker-qual-3.37.0.jar:/Users/sachindra.maharjan/.m2/repository/io/grpc/grpc-netty-shaded/1.63.0/grpc-netty-shaded-1.63.0.jar:/Users/sachindra.maharjan/.m2/repository/io/grpc/grpc-util/1.63.0/grpc-util-1.63.0.jar:/Users/sachindra.maharjan/.m2/repository/com/google/errorprone/error_prone_annotations/2.23.0/error_prone_annotations-2.23.0.jar:/Users/sachindra.maharjan/.m2/repository/io/perfmark/perfmark-api/0.26.0/perfmark-api-0.26.0.jar:/Users/sachindra.maharjan/.m2/repository/io/grpc/grpc-protobuf/1.63.0/grpc-protobuf-1.63.0.jar:/Users/sachindra.maharjan/.m2/repository/com/google/code/findbugs/jsr305/3.0.2/jsr305-3.0.2.jar:/Users/sachindra.maharjan/.m2/repository/com/google/api/grpc/proto-google-common-protos/2.29.0/proto-google-common-protos-2.29.0.jar:/Users/sachindra.maharjan/.m2/repository/io/grpc/grpc-protobuf-lite/1.63.0/grpc-protobuf-lite-1.63.0.jar:/Users/sachindra.maharjan/.m2/repository/io/grpc/grpc-stub/1.63.0/grpc-stub-1.63.0.jar:/Users/sachindra.maharjan/.m2/repository/io/grpc/grpc-services/1.63.0/grpc-services-1.63.0.jar:/Users/sachindra.maharjan/.m2/repository/com/google/protobuf/protobuf-java-util/3.25.1/protobuf-java-util-3.25.1.jar:/Users/sachindra.maharjan/.m2/repository/com/google/j2objc/j2objc-annotations/2.8/j2objc-annotations-2.8.jar:/Users/sachindra.maharjan/.m2/repository/com/google/code/gson/gson/2.10.1/gson-2.10.1.jar:/Users/sachindra.maharjan/.m2/repository/io/grpc/grpc-api/1.63.0/grpc-api-1.63.0.jar:/Users/sachindra.maharjan/.m2/repository/net/devh/grpc-client-spring-boot-starter/3.1.0.RELEASE/grpc-client-spring-boot-starter-3.1.0.RELEASE.jar:/Users/sachindra.maharjan/.m2/repository/jakarta/validation/jakarta.validation-api/3.0.2/jakarta.validation-api-3.0.2.jar:/Users/sachindra.maharjan/.m2/repository/com/google/protobuf/protobuf-java/3.25.5/protobuf-java-3.25.5.jar:/Users/sachindra.maharjan/.m2/repository/javax/annotation/javax.annotation-api/1.3.2/javax.annotation-api-1.3.2.jar:/Users/sachindra.maharjan/.m2/repository/org/springframework/boot/spring-boot-starter/3.3.5/spring-boot-starter-3.3.5.jar:/Users/sachindra.maharjan/.m2/repository/org/springframework/boot/spring-boot/3.3.5/spring-boot-3.3.5.jar:/Users/sachindra.maharjan/.m2/repository/org/springframework/spring-context/6.1.14/spring-context-6.1.14.jar:/Users/sachindra.maharjan/.m2/repository/org/springframework/spring-aop/6.1.14/spring-aop-6.1.14.jar:/Users/sachindra.maharjan/.m2/repository/org/springframework/spring-beans/6.1.14/spring-beans-6.1.14.jar:/Users/sachindra.maharjan/.m2/repository/org/springframework/spring-expression/6.1.14/spring-expression-6.1.14.jar:/Users/sachindra.maharjan/.m2/repository/io/micrometer/micrometer-observation/1.13.6/micrometer-observation-1.13.6.jar:/Users/sachindra.maharjan/.m2/repository/io/micrometer/micrometer-commons/1.13.6/micrometer-commons-1.13.6.jar:/Users/sachindra.maharjan/.m2/repository/org/springframework/boot/spring-boot-autoconfigure/3.3.5/spring-boot-autoconfigure-3.3.5.jar:/Users/sachindra.maharjan/.m2/repository/org/springframework/boot/spring-boot-starter-logging/3.3.5/spring-boot-starter-logging-3.3.5.jar:/Users/sachindra.maharjan/.m2/repository/ch/qos/logback/logback-classic/1.5.11/logback-classic-1.5.11.jar:/Users/sachindra.maharjan/.m2/repository/ch/qos/logback/logback-core/1.5.11/logback-core-1.5.11.jar:/Users/sachindra.maharjan/.m2/repository/org/slf4j/slf4j-api/2.0.16/slf4j-api-2.0.16.jar:/Users/sachindra.maharjan/.m2/repository/org/apache/logging/log4j/log4j-to-slf4j/2.23.1/log4j-to-slf4j-2.23.1.jar:/Users/sachindra.maharjan/.m2/repository/org/apache/logging/log4j/log4j-api/2.23.1/log4j-api-2.23.1.jar:/Users/sachindra.maharjan/.m2/repository/org/slf4j/jul-to-slf4j/2.0.16/jul-to-slf4j-2.0.16.jar:/Users/sachindra.maharjan/.m2/repository/jakarta/annotation/jakarta.annotation-api/2.1.1/jakarta.annotation-api-2.1.1.jar:/Users/sachindra.maharjan/.m2/repository/org/springframework/spring-core/6.1.14/spring-core-6.1.14.jar:/Users/sachindra.maharjan/.m2/repository/org/springframework/spring-jcl/6.1.14/spring-jcl-6.1.14.jar:/Users/sachindra.maharjan/.m2/repository/org/yaml/snakeyaml/2.2/snakeyaml-2.2.jar:/Users/sachindra.maharjan/.m2/repository/junit/junit/4.13.2/junit-4.13.2.jar:/Users/sachindra.maharjan/.m2/repository/org/hamcrest/hamcrest-core/2.2/hamcrest-core-2.2.jar:/Users/sachindra.maharjan/.m2/repository/org/hamcrest/hamcrest/2.2/hamcrest-2.2.jar:"/>
    <property name="java.vm.vendor" value="Homebrew"/>
    <property name="sun.arch.data.model" value="64"/>
    <property name="java.vendor.url" value="https://github.com/Homebrew/homebrew-core/issues"/>
    <property name="os.name" value="Mac OS X"/>
    <property name="java.vm.specification.version" value="20"/>
    <property name="sun.java.launcher" value="SUN_STANDARD"/>
    <property name="user.country" value="US"/>
    <property name="sun.boot.library.path" value="/usr/local/Cellar/openjdk/20.0.1/libexec/openjdk.jdk/Contents/Home/lib"/>
    <property name="sun.java.command" value="/Users/sachindra.maharjan/projects/springboot-grpc-batch-scylladb/product-service/target/surefire/surefirebooter-20241120103343413_3.jar /Users/sachindra.maharjan/projects/springboot-grpc-batch-scylladb/product-service/target/surefire 2024-11-20T10-33-43_107-jvmRun1 surefire-20241120103343413_1tmp surefire_0-20241120103343413_2tmp"/>
    <property name="http.nonProxyHosts" value="local|*.local|169.254/16|*.169.254/16"/>
    <property name="jdk.debug" value="release"/>
    <property name="surefire.test.class.path" value="/Users/sachindra.maharjan/projects/springboot-grpc-batch-scylladb/product-service/target/test-classes:/Users/sachindra.maharjan/projects/springboot-grpc-batch-scylladb/product-service/target/classes:/Users/sachindra.maharjan/projects/springboot-grpc-batch-scylladb/proto-service/target/proto-service-1.0-SNAPSHOT.jar:/Users/sachindra.maharjan/.m2/repository/net/devh/grpc-spring-boot-starter/3.1.0.RELEASE/grpc-spring-boot-starter-3.1.0.RELEASE.jar:/Users/sachindra.maharjan/.m2/repository/net/devh/grpc-server-spring-boot-starter/3.1.0.RELEASE/grpc-server-spring-boot-starter-3.1.0.RELEASE.jar:/Users/sachindra.maharjan/.m2/repository/net/devh/grpc-common-spring-boot/3.1.0.RELEASE/grpc-common-spring-boot-3.1.0.RELEASE.jar:/Users/sachindra.maharjan/.m2/repository/io/grpc/grpc-core/1.63.0/grpc-core-1.63.0.jar:/Users/sachindra.maharjan/.m2/repository/com/google/android/annotations/4.1.1.4/annotations-4.1.1.4.jar:/Users/sachindra.maharjan/.m2/repository/org/codehaus/mojo/animal-sniffer-annotations/1.23/animal-sniffer-annotations-1.23.jar:/Users/sachindra.maharjan/.m2/repository/io/grpc/grpc-context/1.63.0/grpc-context-1.63.0.jar:/Users/sachindra.maharjan/.m2/repository/io/grpc/grpc-inprocess/1.63.0/grpc-inprocess-1.63.0.jar:/Users/sachindra.maharjan/.m2/repository/com/google/guava/guava/32.1.3-android/guava-32.1.3-android.jar:/Users/sachindra.maharjan/.m2/repository/com/google/guava/failureaccess/1.0.1/failureaccess-1.0.1.jar:/Users/sachindra.maharjan/.m2/repository/com/google/guava/listenablefuture/9999.0-empty-to-avoid-conflict-with-guava/listenablefuture-9999.0-empty-to-avoid-conflict-with-guava.jar:/Users/sachindra.maharjan/.m2/repository/org/checkerframework/checker-qual/3.37.0/checker-qual-3.37.0.jar:/Users/sachindra.maharjan/.m2/repository/io/grpc/grpc-netty-shaded/1.63.0/grpc-netty-shaded-1.63.0.jar:/Users/sachindra.maharjan/.m2/repository/io/grpc/grpc-util/1.63.0/grpc-util-1.63.0.jar:/Users/sachindra.maharjan/.m2/repository/com/google/errorprone/error_prone_annotations/2.23.0/error_prone_annotations-2.23.0.jar:/Users/sachindra.maharjan/.m2/repository/io/perfmark/perfmark-api/0.26.0/perfmark-api-0.26.0.jar:/Users/sachindra.maharjan/.m2/repository/io/grpc/grpc-protobuf/1.63.0/grpc-protobuf-1.63.0.jar:/Users/sachindra.maharjan/.m2/repository/com/google/code/findbugs/jsr305/3.0.2/jsr305-3.0.2.jar:/Users/sachindra.maharjan/.m2/repository/com/google/api/grpc/proto-google-common-protos/2.29.0/proto-google-common-protos-2.29.0.jar:/Users/sachindra.maharjan/.m2/repository/io/grpc/grpc-protobuf-lite/1.63.0/grpc-protobuf-lite-1.63.0.jar:/Users/sachindra.maharjan/.m2/repository/io/grpc/grpc-stub/1.63.0/grpc-stub-1.63.0.jar:/Users/sachindra.maharjan/.m2/repository/io/grpc/grpc-services/1.63.0/grpc-services-1.63.0.jar:/Users/sachindra.maharjan/.m2/repository/com/google/protobuf/protobuf-java-util/3.25.1/protobuf-java-util-3.25.1.jar:/Users/sachindra.maharjan/.m2/repository/com/google/j2objc/j2objc-annotations/2.8/j2objc-annotations-2.8.jar:/Users/sachindra.maharjan/.m2/repository/com/google/code/gson/gson/2.10.1/gson-2.10.1.jar:/Users/sachindra.maharjan/.m2/repository/io/grpc/grpc-api/1.63.0/grpc-api-1.63.0.jar:/Users/sachindra.maharjan/.m2/repository/net/devh/grpc-client-spring-boot-starter/3.1.0.RELEASE/grpc-client-spring-boot-starter-3.1.0.RELEASE.jar:/Users/sachindra.maharjan/.m2/repository/jakarta/validation/jakarta.validation-api/3.0.2/jakarta.validation-api-3.0.2.jar:/Users/sachindra.maharjan/.m2/repository/com/google/protobuf/protobuf-java/3.25.5/protobuf-java-3.25.5.jar:/Users/sachindra.maharjan/.m2/repository/javax/annotation/javax.annotation-api/1.3.2/javax.annotation-api-1.3.2.jar:/Users/sachindra.maharjan/.m2/repository/org/springframework/boot/spring-boot-starter/3.3.5/spring-boot-starter-3.3.5.jar:/Users/sachindra.maharjan/.m2/repository/org/springframework/boot/spring-boot/3.3.5/spring-boot-3.3.5.jar:/Users/sachindra.maharjan/.m2/repository/org/springframework/spring-context/6.1.14/spring-context-6.1.14.jar:/Users/sachindra.maharjan/.m2/repository/org/springframework/spring-aop/6.1.14/spring-aop-6.1.14.jar:/Users/sachindra.maharjan/.m2/repository/org/springframework/spring-beans/6.1.14/spring-beans-6.1.14.jar:/Users/sachindra.maharjan/.m2/repository/org/springframework/spring-expression/6.1.14/spring-expression-6.1.14.jar:/Users/sachindra.maharjan/.m2/repository/io/micrometer/micrometer-observation/1.13.6/micrometer-observation-1.13.6.jar:/Users/sachindra.maharjan/.m2/repository/io/micrometer/micrometer-commons/1.13.6/micrometer-commons-1.13.6.jar:/Users/sachindra.maharjan/.m2/repository/org/springframework/boot/spring-boot-autoconfigure/3.3.5/spring-boot-autoconfigure-3.3.5.jar:/Users/sachindra.maharjan/.m2/repository/org/springframework/boot/spring-boot-starter-logging/3.3.5/spring-boot-starter-logging-3.3.5.jar:/Users/sachindra.maharjan/.m2/repository/ch/qos/logback/logback-classic/1.5.11/logback-classic-1.5.11.jar:/Users/sachindra.maharjan/.m2/repository/ch/qos/logback/logback-core/1.5.11/logback-core-1.5.11.jar:/Users/sachindra.maharjan/.m2/repository/org/slf4j/slf4j-api/2.0.16/slf4j-api-2.0.16.jar:/Users/sachindra.maharjan/.m2/repository/org/apache/logging/log4j/log4j-to-slf4j/2.23.1/log4j-to-slf4j-2.23.1.jar:/Users/sachindra.maharjan/.m2/repository/org/apache/logging/log4j/log4j-api/2.23.1/log4j-api-2.23.1.jar:/Users/sachindra.maharjan/.m2/repository/org/slf4j/jul-to-slf4j/2.0.16/jul-to-slf4j-2.0.16.jar:/Users/sachindra.maharjan/.m2/repository/jakarta/annotation/jakarta.annotation-api/2.1.1/jakarta.annotation-api-2.1.1.jar:/Users/sachindra.maharjan/.m2/repository/org/springframework/spring-core/6.1.14/spring-core-6.1.14.jar:/Users/sachindra.maharjan/.m2/repository/org/springframework/spring-jcl/6.1.14/spring-jcl-6.1.14.jar:/Users/sachindra.maharjan/.m2/repository/org/yaml/snakeyaml/2.2/snakeyaml-2.2.jar:/Users/sachindra.maharjan/.m2/repository/junit/junit/4.13.2/junit-4.13.2.jar:/Users/sachindra.maharjan/.m2/repository/org/hamcrest/hamcrest-core/2.2/hamcrest-core-2.2.jar:/Users/sachindra.maharjan/.m2/repository/org/hamcrest/hamcrest/2.2/hamcrest-2.2.jar:"/>
    <property name="sun.cpu.endian" value="little"/>
    <property name="user.home" value="/Users/sachindra.maharjan"/>
    <property name="user.language" value="en"/>
    <property name="java.specification.vendor" value="Oracle Corporation"/>
    <property name="java.version.date" value="2023-04-18"/>
    <property name="java.home" value="/usr/local/Cellar/openjdk/20.0.1/libexec/openjdk.jdk/Contents/Home"/>
    <property name="file.separator" value="/"/>
    <property name="basedir" value="/Users/sachindra.maharjan/projects/springboot-grpc-batch-scylladb/product-service"/>
    <property name="java.vm.compressedOopsMode" value="Zero based"/>
    <property name="line.separator" value="&#10;"/>
    <property name="java.vm.specification.vendor" value="Oracle Corporation"/>
    <property name="java.specification.name" value="Java Platform API Specification"/>
    <property name="apple.awt.application.name" value="ForkedBooter"/>
    <property name="surefire.real.class.path" value="/Users/sachindra.maharjan/projects/springboot-grpc-batch-scylladb/product-service/target/surefire/surefirebooter-20241120103343413_3.jar"/>
    <property name="sun.management.compiler" value="HotSpot 64-Bit Tiered Compilers"/>
    <property name="ftp.nonProxyHosts" value="local|*.local|169.254/16|*.169.254/16"/>
    <property name="java.runtime.version" value="20.0.1"/>
    <property name="user.name" value="sachindra.maharjan"/>
    <property name="stdout.encoding" value="UTF-8"/>
    <property name="path.separator" value=":"/>
    <property name="os.version" value="11.7.10"/>
    <property name="java.runtime.name" value="OpenJDK Runtime Environment"/>
    <property name="file.encoding" value="UTF-8"/>
    <property name="java.vm.name" value="OpenJDK 64-Bit Server VM"/>
    <property name="java.vendor.version" value="Homebrew"/>
    <property name="localRepository" value="/Users/sachindra.maharjan/.m2/repository"/>
    <property name="java.vendor.url.bug" value="https://github.com/Homebrew/homebrew-core/issues"/>
    <property name="java.io.tmpdir" value="/var/folders/dl/bm19mj792mlf1h4b_gm816xr0000gn/T/"/>
    <property name="java.version" value="20.0.1"/>
    <property name="user.dir" value="/Users/sachindra.maharjan/projects/springboot-grpc-batch-scylladb/product-service"/>
    <property name="os.arch" value="x86_64"/>
    <property name="java.vm.specification.name" value="Java Virtual Machine Specification"/>
    <property name="native.encoding" value="UTF-8"/>
    <property name="java.library.path" value="/Users/sachindra.maharjan/Library/Java/Extensions:/Library/Java/Extensions:/Network/Library/Java/Extensions:/System/Library/Java/Extensions:/usr/lib/java:."/>
    <property name="java.vm.info" value="mixed mode, sharing"/>
    <property name="stderr.encoding" value="UTF-8"/>
    <property name="java.vendor" value="Homebrew"/>
    <property name="java.vm.version" value="20.0.1"/>
    <property name="sun.io.unicode.encoding" value="UnicodeBig"/>
    <property name="socksNonProxyHosts" value="local|*.local|169.254/16|*.169.254/16"/>
    <property name="java.class.version" value="64.0"/>
  </properties>
  <testcase name="testApp" classname="org.sm.AppTest" time="0.007"/>
</testsuite>